  Entity.cpp
c:\users\hackerman\documents\visual studio 2017\projects\nullbasee\nullbase\entity.h(7): error C3646: 'pos': unknown override specifier
c:\users\hackerman\documents\visual studio 2017\projects\nullbasee\nullbase\entity.h(7): error C4430: missing type specifier - int assumed. Note: C++ does not support default-int
c:\users\hackerman\documents\visual studio 2017\projects\nullbasee\nullbase\entity.h(21): error C4430: missing type specifier - int assumed. Note: C++ does not support default-int
c:\users\hackerman\documents\visual studio 2017\projects\nullbasee\nullbase\entity.h(21): error C2146: syntax error: missing ';' before identifier 'getEntPos'
c:\users\hackerman\documents\visual studio 2017\projects\nullbasee\nullbase\localplayer.h(9): error C3646: 'pos': unknown override specifier
c:\users\hackerman\documents\visual studio 2017\projects\nullbasee\nullbase\localplayer.h(9): error C4430: missing type specifier - int assumed. Note: C++ does not support default-int
c:\users\hackerman\documents\visual studio 2017\projects\nullbasee\nullbase\localplayer.h(10): error C3646: 'viewangles': unknown override specifier
c:\users\hackerman\documents\visual studio 2017\projects\nullbasee\nullbase\localplayer.h(10): error C4430: missing type specifier - int assumed. Note: C++ does not support default-int
c:\users\hackerman\documents\visual studio 2017\projects\nullbasee\nullbase\localplayer.h(23): error C4430: missing type specifier - int assumed. Note: C++ does not support default-int
c:\users\hackerman\documents\visual studio 2017\projects\nullbasee\nullbase\localplayer.h(23): error C2146: syntax error: missing ';' before identifier 'getLocalViewAngles'
c:\users\hackerman\documents\visual studio 2017\projects\nullbasee\nullbase\localplayer.h(24): error C4430: missing type specifier - int assumed. Note: C++ does not support default-int
c:\users\hackerman\documents\visual studio 2017\projects\nullbasee\nullbase\localplayer.h(24): error C2086: 'int Local::Vector3': redefinition
  c:\users\hackerman\documents\visual studio 2017\projects\nullbasee\nullbase\localplayer.h(23): note: see declaration of 'Local::Vector3'
c:\users\hackerman\documents\visual studio 2017\projects\nullbasee\nullbase\localplayer.h(24): error C2146: syntax error: missing ';' before identifier 'getLocalPos'
c:\users\hackerman\documents\visual studio 2017\projects\nullbasee\nullbase\entity.cpp(25): error C2039: 'getEntPos': is not a member of 'Entity'
  c:\users\hackerman\documents\visual studio 2017\projects\nullbasee\nullbase\entity.h(13): note: see declaration of 'Entity'
c:\users\hackerman\documents\visual studio 2017\projects\nullbasee\nullbase\entity.cpp(71): error C2039: 'pos': is not a member of 'Entity_'
  c:\users\hackerman\documents\visual studio 2017\projects\nullbasee\nullbase\entity.h(5): note: see declaration of 'Entity_'
  LocalPlayer.cpp
c:\users\hackerman\documents\visual studio 2017\projects\nullbasee\nullbase\entity.h(7): error C3646: 'pos': unknown override specifier
c:\users\hackerman\documents\visual studio 2017\projects\nullbasee\nullbase\entity.h(7): error C4430: missing type specifier - int assumed. Note: C++ does not support default-int
c:\users\hackerman\documents\visual studio 2017\projects\nullbasee\nullbase\entity.h(21): error C4430: missing type specifier - int assumed. Note: C++ does not support default-int
c:\users\hackerman\documents\visual studio 2017\projects\nullbasee\nullbase\entity.h(21): error C2146: syntax error: missing ';' before identifier 'getEntPos'
  NullMemory.cpp
c:\users\hackerman\documents\visual studio 2017\projects\nullbasee\nullbase\entity.h(7): error C3646: 'pos': unknown override specifier
c:\users\hackerman\documents\visual studio 2017\projects\nullbasee\nullbase\entity.h(7): error C4430: missing type specifier - int assumed. Note: C++ does not support default-int
c:\users\hackerman\documents\visual studio 2017\projects\nullbasee\nullbase\entity.h(21): error C4430: missing type specifier - int assumed. Note: C++ does not support default-int
c:\users\hackerman\documents\visual studio 2017\projects\nullbasee\nullbase\entity.h(21): error C2146: syntax error: missing ';' before identifier 'getEntPos'
c:\users\hackerman\documents\visual studio 2017\projects\nullbasee\nullbase\localplayer.h(9): error C3646: 'pos': unknown override specifier
c:\users\hackerman\documents\visual studio 2017\projects\nullbasee\nullbase\localplayer.h(9): error C4430: missing type specifier - int assumed. Note: C++ does not support default-int
c:\users\hackerman\documents\visual studio 2017\projects\nullbasee\nullbase\localplayer.h(10): error C3646: 'viewangles': unknown override specifier
c:\users\hackerman\documents\visual studio 2017\projects\nullbasee\nullbase\localplayer.h(10): error C4430: missing type specifier - int assumed. Note: C++ does not support default-int
c:\users\hackerman\documents\visual studio 2017\projects\nullbasee\nullbase\localplayer.h(23): error C4430: missing type specifier - int assumed. Note: C++ does not support default-int
c:\users\hackerman\documents\visual studio 2017\projects\nullbasee\nullbase\localplayer.h(23): error C2146: syntax error: missing ';' before identifier 'getLocalViewAngles'
c:\users\hackerman\documents\visual studio 2017\projects\nullbasee\nullbase\localplayer.h(24): error C4430: missing type specifier - int assumed. Note: C++ does not support default-int
c:\users\hackerman\documents\visual studio 2017\projects\nullbasee\nullbase\localplayer.h(24): error C2086: 'int Local::Vector3': redefinition
  c:\users\hackerman\documents\visual studio 2017\projects\nullbasee\nullbase\localplayer.h(23): note: see declaration of 'Local::Vector3'
c:\users\hackerman\documents\visual studio 2017\projects\nullbasee\nullbase\localplayer.h(24): error C2146: syntax error: missing ';' before identifier 'getLocalPos'
c:\users\hackerman\documents\visual studio 2017\projects\nullbasee\nullbase\includes.h(13): error C2871: 'nullbase': a namespace with this name does not exist
c:\users\hackerman\documents\visual studio 2017\projects\nullbasee\nullbase\nullmemory.cpp(90): warning C4311: 'type cast': pointer truncation from 'BYTE *' to 'DWORD'
c:\users\hackerman\documents\visual studio 2017\projects\nullbasee\nullbase\nullmemory.cpp(90): warning C4302: 'type cast': truncation from 'BYTE *' to 'DWORD'
c:\users\hackerman\documents\visual studio 2017\projects\nullbasee\nullbase\nullmemory.cpp(94): warning C4311: 'type cast': pointer truncation from 'BYTE *' to 'DWORD'
c:\users\hackerman\documents\visual studio 2017\projects\nullbasee\nullbase\nullmemory.cpp(94): warning C4302: 'type cast': truncation from 'BYTE *' to 'DWORD'
c:\users\hackerman\documents\visual studio 2017\projects\nullbasee\nullbase\nullmemory.cpp(105): warning C4311: 'type cast': pointer truncation from 'BYTE *' to 'DWORD'
c:\users\hackerman\documents\visual studio 2017\projects\nullbasee\nullbase\nullmemory.cpp(105): warning C4302: 'type cast': truncation from 'BYTE *' to 'DWORD'
c:\users\hackerman\documents\visual studio 2017\projects\nullbasee\nullbase\nullmemory.cpp(109): warning C4311: 'type cast': pointer truncation from 'BYTE *' to 'DWORD'
c:\users\hackerman\documents\visual studio 2017\projects\nullbasee\nullbase\nullmemory.cpp(109): warning C4302: 'type cast': truncation from 'BYTE *' to 'DWORD'
  Cheat.cpp
c:\users\hackerman\documents\visual studio 2017\projects\nullbasee\nullbase\entity.h(7): error C3646: 'pos': unknown override specifier
c:\users\hackerman\documents\visual studio 2017\projects\nullbasee\nullbase\entity.h(7): error C4430: missing type specifier - int assumed. Note: C++ does not support default-int
c:\users\hackerman\documents\visual studio 2017\projects\nullbasee\nullbase\entity.h(21): error C4430: missing type specifier - int assumed. Note: C++ does not support default-int
c:\users\hackerman\documents\visual studio 2017\projects\nullbasee\nullbase\entity.h(21): error C2146: syntax error: missing ';' before identifier 'getEntPos'
c:\users\hackerman\documents\visual studio 2017\projects\nullbasee\nullbase\localplayer.h(9): error C3646: 'pos': unknown override specifier
c:\users\hackerman\documents\visual studio 2017\projects\nullbasee\nullbase\localplayer.h(9): error C4430: missing type specifier - int assumed. Note: C++ does not support default-int
c:\users\hackerman\documents\visual studio 2017\projects\nullbasee\nullbase\localplayer.h(10): error C3646: 'viewangles': unknown override specifier
c:\users\hackerman\documents\visual studio 2017\projects\nullbasee\nullbase\localplayer.h(10): error C4430: missing type specifier - int assumed. Note: C++ does not support default-int
c:\users\hackerman\documents\visual studio 2017\projects\nullbasee\nullbase\localplayer.h(23): error C4430: missing type specifier - int assumed. Note: C++ does not support default-int
c:\users\hackerman\documents\visual studio 2017\projects\nullbasee\nullbase\localplayer.h(23): error C2146: syntax error: missing ';' before identifier 'getLocalViewAngles'
c:\users\hackerman\documents\visual studio 2017\projects\nullbasee\nullbase\localplayer.h(24): error C4430: missing type specifier - int assumed. Note: C++ does not support default-int
c:\users\hackerman\documents\visual studio 2017\projects\nullbasee\nullbase\localplayer.h(24): error C2086: 'int Local::Vector3': redefinition
  c:\users\hackerman\documents\visual studio 2017\projects\nullbasee\nullbase\localplayer.h(23): note: see declaration of 'Local::Vector3'
c:\users\hackerman\documents\visual studio 2017\projects\nullbasee\nullbase\localplayer.h(24): error C2146: syntax error: missing ';' before identifier 'getLocalPos'
  Generating Code...
