  NullMemory.cpp
c:\users\hackerman\documents\visual studio 2017\projects\nullbasee\nullbase\nullmemory.cpp(99): warning C4311: 'type cast': pointer truncation from 'BYTE *' to 'DWORD'
c:\users\hackerman\documents\visual studio 2017\projects\nullbasee\nullbase\nullmemory.cpp(99): warning C4302: 'type cast': truncation from 'BYTE *' to 'DWORD'
c:\users\hackerman\documents\visual studio 2017\projects\nullbasee\nullbase\nullmemory.cpp(103): warning C4311: 'type cast': pointer truncation from 'BYTE *' to 'DWORD'
c:\users\hackerman\documents\visual studio 2017\projects\nullbasee\nullbase\nullmemory.cpp(103): warning C4302: 'type cast': truncation from 'BYTE *' to 'DWORD'
c:\users\hackerman\documents\visual studio 2017\projects\nullbasee\nullbase\nullmemory.cpp(114): warning C4311: 'type cast': pointer truncation from 'BYTE *' to 'DWORD'
c:\users\hackerman\documents\visual studio 2017\projects\nullbasee\nullbase\nullmemory.cpp(114): warning C4302: 'type cast': truncation from 'BYTE *' to 'DWORD'
c:\users\hackerman\documents\visual studio 2017\projects\nullbasee\nullbase\nullmemory.cpp(118): warning C4311: 'type cast': pointer truncation from 'BYTE *' to 'DWORD'
c:\users\hackerman\documents\visual studio 2017\projects\nullbasee\nullbase\nullmemory.cpp(118): warning C4302: 'type cast': truncation from 'BYTE *' to 'DWORD'
c:\users\hackerman\documents\visual studio 2017\projects\nullbasee\nullbase\nullmemory.h(93): warning C4312: 'type cast': conversion from 'DWORD' to 'PVOID' of greater size
  c:\users\hackerman\documents\visual studio 2017\projects\nullbasee\nullbase\nullmemory.cpp(128): note: see reference to function template instantiation 'dataType nullbase::rpm<DWORD>(DWORD)' being compiled
          with
          [
              dataType=DWORD
          ]
c:\users\hackerman\documents\visual studio 2017\projects\nullbasee\nullbase\nullmemory.h(82): warning C4312: 'type cast': conversion from 'DWORD' to 'PVOID' of greater size
  c:\users\hackerman\documents\visual studio 2017\projects\nullbasee\nullbase\nullmemory.cpp(143): note: see reference to function template instantiation 'void nullbase::wpm<int>(dataType,DWORD)' being compiled
          with
          [
              dataType=int
          ]
  Source.cpp
  Generating code
  6 of 30 functions (20.0%) were compiled, the rest were copied from previous compilation.
    0 functions were new in current compilation
    0 functions had inline decision re-evaluated but remain unchanged
  Finished generating code
  NullBase.vcxproj -> C:\Users\Hackerman\Documents\Visual Studio 2017\Projects\NullBasee\x64\Release\NullBase.exe
